<?xml version="1.0" encoding="UTF-8" standalone="no"?>
<!DOCTYPE log SYSTEM "logger.dtd">
<log>
<record>
  <date>2015-05-05T11:20:15</date>
  <millis>1430806815713</millis>
  <sequence>0</sequence>
  <logger>internet.mail.receiver.Pop3Receiver</logger>
  <level>INFO</level>
  <class>internet.mail.receiver.MailReceiverLogger</class>
  <method>writeServerLog</method>
  <thread>1</thread>
  <message>[Server: +OK POP3 ready &lt;60019794.1430806797@mail.rambler.ru&gt;]</message>
</record>
<record>
  <date>2015-05-05T11:20:15</date>
  <millis>1430806815721</millis>
  <sequence>1</sequence>
  <logger>internet.mail.receiver.Pop3Receiver</logger>
  <level>INFO</level>
  <class>internet.mail.receiver.MailReceiverLogger</class>
  <method>writeClientLog</method>
  <thread>1</thread>
  <message>[Client: USER vyrostkoolga@rambler.ru]</message>
</record>
<record>
  <date>2015-05-05T11:20:15</date>
  <millis>1430806815756</millis>
  <sequence>2</sequence>
  <logger>internet.mail.receiver.Pop3Receiver</logger>
  <level>INFO</level>
  <class>internet.mail.receiver.MailReceiverLogger</class>
  <method>writeServerLog</method>
  <thread>1</thread>
  <message>[Server: +OK]</message>
</record>
<record>
  <date>2015-05-05T11:20:15</date>
  <millis>1430806815757</millis>
  <sequence>3</sequence>
  <logger>internet.mail.receiver.Pop3Receiver</logger>
  <level>INFO</level>
  <class>internet.mail.receiver.MailReceiverLogger</class>
  <method>writeClientLog</method>
  <thread>1</thread>
  <message>[Client: PASS Admin000]</message>
</record>
<record>
  <date>2015-05-05T11:20:15</date>
  <millis>1430806815873</millis>
  <sequence>4</sequence>
  <logger>internet.mail.receiver.Pop3Receiver</logger>
  <level>INFO</level>
  <class>internet.mail.receiver.MailReceiverLogger</class>
  <method>writeServerLog</method>
  <thread>1</thread>
  <message>[Server: +OK 7 messages (5514091 bytes)]</message>
</record>
<record>
  <date>2015-05-05T11:20:15</date>
  <millis>1430806815875</millis>
  <sequence>5</sequence>
  <logger>internet.mail.receiver.Pop3Receiver</logger>
  <level>INFO</level>
  <class>internet.mail.receiver.MailReceiverLogger</class>
  <method>writeClientLog</method>
  <thread>1</thread>
  <message>[Client: LIST]</message>
</record>
<record>
  <date>2015-05-05T11:20:15</date>
  <millis>1430806815911</millis>
  <sequence>6</sequence>
  <logger>internet.mail.receiver.Pop3Receiver</logger>
  <level>INFO</level>
  <class>internet.mail.receiver.MailReceiverLogger</class>
  <method>writeServerLog</method>
  <thread>1</thread>
  <message>[Server: +OK 7 messages]</message>
</record>
<record>
  <date>2015-05-05T11:20:15</date>
  <millis>1430806815913</millis>
  <sequence>7</sequence>
  <logger>internet.mail.receiver.Pop3Receiver</logger>
  <level>INFO</level>
  <class>internet.mail.receiver.MailReceiverLogger</class>
  <method>writeServerLog</method>
  <thread>1</thread>
  <message>[Server: 1 208130]</message>
</record>
<record>
  <date>2015-05-05T11:20:15</date>
  <millis>1430806815914</millis>
  <sequence>8</sequence>
  <logger>internet.mail.receiver.Pop3Receiver</logger>
  <level>INFO</level>
  <class>internet.mail.receiver.MailReceiverLogger</class>
  <method>writeServerLog</method>
  <thread>1</thread>
  <message>[Server: 2 57049]</message>
</record>
<record>
  <date>2015-05-05T11:20:15</date>
  <millis>1430806815916</millis>
  <sequence>9</sequence>
  <logger>internet.mail.receiver.Pop3Receiver</logger>
  <level>INFO</level>
  <class>internet.mail.receiver.MailReceiverLogger</class>
  <method>writeServerLog</method>
  <thread>1</thread>
  <message>[Server: 3 2314]</message>
</record>
<record>
  <date>2015-05-05T11:20:15</date>
  <millis>1430806815918</millis>
  <sequence>10</sequence>
  <logger>internet.mail.receiver.Pop3Receiver</logger>
  <level>INFO</level>
  <class>internet.mail.receiver.MailReceiverLogger</class>
  <method>writeServerLog</method>
  <thread>1</thread>
  <message>[Server: 4 40014]</message>
</record>
<record>
  <date>2015-05-05T11:20:15</date>
  <millis>1430806815919</millis>
  <sequence>11</sequence>
  <logger>internet.mail.receiver.Pop3Receiver</logger>
  <level>INFO</level>
  <class>internet.mail.receiver.MailReceiverLogger</class>
  <method>writeServerLog</method>
  <thread>1</thread>
  <message>[Server: 5 1683901]</message>
</record>
<record>
  <date>2015-05-05T11:20:15</date>
  <millis>1430806815920</millis>
  <sequence>12</sequence>
  <logger>internet.mail.receiver.Pop3Receiver</logger>
  <level>INFO</level>
  <class>internet.mail.receiver.MailReceiverLogger</class>
  <method>writeServerLog</method>
  <thread>1</thread>
  <message>[Server: 6 694407]</message>
</record>
<record>
  <date>2015-05-05T11:20:15</date>
  <millis>1430806815921</millis>
  <sequence>13</sequence>
  <logger>internet.mail.receiver.Pop3Receiver</logger>
  <level>INFO</level>
  <class>internet.mail.receiver.MailReceiverLogger</class>
  <method>writeServerLog</method>
  <thread>1</thread>
  <message>[Server: 7 2828276]</message>
</record>
<record>
  <date>2015-05-05T11:20:15</date>
  <millis>1430806815922</millis>
  <sequence>14</sequence>
  <logger>internet.mail.receiver.Pop3Receiver</logger>
  <level>INFO</level>
  <class>internet.mail.receiver.MailReceiverLogger</class>
  <method>writeServerLog</method>
  <thread>1</thread>
  <message>[Server: .]</message>
</record>
<record>
  <date>2015-05-05T11:20:15</date>
  <millis>1430806815923</millis>
  <sequence>15</sequence>
  <logger>internet.mail.receiver.Pop3Receiver</logger>
  <level>INFO</level>
  <class>internet.mail.receiver.MailReceiverLogger</class>
  <method>writeClientLog</method>
  <thread>1</thread>
  <message>[Client: TOP 5 1]</message>
</record>
<record>
  <date>2015-05-05T11:20:15</date>
  <millis>1430806815995</millis>
  <sequence>16</sequence>
  <logger>internet.mail.receiver.Pop3Receiver</logger>
  <level>INFO</level>
  <class>internet.mail.receiver.MailReceiverLogger</class>
  <method>writeClientLog</method>
  <thread>1</thread>
  <message>[Client: RETR 5]</message>
</record>
<record>
  <date>2015-05-05T11:20:16</date>
  <millis>1430806816975</millis>
  <sequence>17</sequence>
  <logger>internet.mail.receiver.Pop3Receiver</logger>
  <level>INFO</level>
  <class>internet.mail.receiver.MailReceiverLogger</class>
  <method>writeClientLog</method>
  <thread>1</thread>
  <message>[Client: TOP 6 1]</message>
</record>
<record>
  <date>2015-05-05T11:20:17</date>
  <millis>1430806817044</millis>
  <sequence>18</sequence>
  <logger>internet.mail.receiver.Pop3Receiver</logger>
  <level>INFO</level>
  <class>internet.mail.receiver.MailReceiverLogger</class>
  <method>writeClientLog</method>
  <thread>1</thread>
  <message>[Client: RETR 6]</message>
</record>
<record>
  <date>2015-05-05T11:20:17</date>
  <millis>1430806817568</millis>
  <sequence>19</sequence>
  <logger>internet.mail.receiver.Pop3Receiver</logger>
  <level>INFO</level>
  <class>internet.mail.receiver.MailReceiverLogger</class>
  <method>writeClientLog</method>
  <thread>1</thread>
  <message>[Client: TOP 7 1]</message>
</record>
<record>
  <date>2015-05-05T11:20:17</date>
  <millis>1430806817636</millis>
  <sequence>20</sequence>
  <logger>internet.mail.receiver.Pop3Receiver</logger>
  <level>INFO</level>
  <class>internet.mail.receiver.MailReceiverLogger</class>
  <method>writeClientLog</method>
  <thread>1</thread>
  <message>[Client: RETR 7]</message>
</record>
<record>
  <date>2015-05-05T11:20:19</date>
  <millis>1430806819031</millis>
  <sequence>21</sequence>
  <logger>internet.mail.receiver.Pop3Receiver</logger>
  <level>INFO</level>
  <class>internet.mail.receiver.MailReceiverLogger</class>
  <method>writeClientLog</method>
  <thread>1</thread>
  <message>[Client: QUIT]</message>
</record>
<record>
  <date>2015-05-05T11:20:19</date>
  <millis>1430806819067</millis>
  <sequence>22</sequence>
  <logger>internet.mail.receiver.Pop3Receiver</logger>
  <level>INFO</level>
  <class>internet.mail.receiver.MailReceiverLogger</class>
  <method>writeServerLog</method>
  <thread>1</thread>
  <message>[Server: +OK RamblerMail 6.1 POP3 Server connection closed]</message>
</record>
</log>
